<?xml version="1.0" encoding="UTF-8"?>
<testsuite name="chessLib.PositionTest" tests="1" skipped="0" failures="0" errors="0" timestamp="2025-11-01T16:32:41" hostname="顺顺清清" time="0.0">
  <properties/>
  <testcase name="PositionTest()" classname="chessLib.PositionTest" time="0.0"/>
  <system-out><![CDATA[]]></system-out>
  <system-err><![CDATA[]]></system-err>
</testsuite>
