<?xml version="1.0" encoding="UTF-8"?>
<testsuite name="chessGame.BishopTest" tests="5" skipped="0" failures="0" errors="0" timestamp="2025-11-01T16:32:41" hostname="顺顺清清" time="0.016">
  <properties/>
  <testcase name="testBishopAtCornerWithNoObstacles()" classname="chessGame.BishopTest" time="0.012"/>
  <testcase name="testBishopWithObstacleCanJumpOver()" classname="chessGame.BishopTest" time="0.001"/>
  <testcase name="testBishopAtEdge()" classname="chessGame.BishopTest" time="0.0"/>
  <testcase name="testBishopAtCenterWithNoObstacles()" classname="chessGame.BishopTest" time="0.0"/>
  <testcase name="testBishopWithMultipleObstacles()" classname="chessGame.BishopTest" time="0.0"/>
  <system-out><![CDATA[]]></system-out>
  <system-err><![CDATA[]]></system-err>
</testsuite>
